#
# There is insufficient memory for the Java Runtime Environment to continue.
# Native memory allocation (mmap) failed to map 268435456 bytes for Failed to commit area from 0x0000000701200000 to 0x0000000711200000 of length 268435456.
# Possible reasons:
#   The system is out of physical RAM or swap space
#   The process is running with CompressedOops enabled, and the Java Heap may be blocking the growth of the native heap
# Possible solutions:
#   Reduce memory load on the system
#   Increase physical memory or swap space
#   Check if swap backing store is full
#   Decrease Java heap size (-Xmx/-Xms)
#   Decrease number of Java threads
#   Decrease Java thread stack sizes (-Xss)
#   Set larger code cache with -XX:ReservedCodeCacheSize=
# This output file may be truncated or incomplete.
#
#  Out of Memory Error (t:/workspace/open/src/hotspot/os/windows/os_windows.cpp:3301), pid=18468, tid=27352
#
# JRE version:  (13.0.1+9) (build )
# Java VM: Java HotSpot(TM) 64-Bit Server VM (13.0.1+9, mixed mode, aot, sharing, tiered, compressed oops, g1 gc, windows-amd64)
# No core dump will be written. Minidumps are not enabled by default on client versions of Windows
#

---------------  S U M M A R Y ------------

Command Line: -Dfile.encoding=Cp1252 CardTest

Host: Intel(R) Core(TM) i7-7700K CPU @ 4.20GHz, 8 cores, 15G,  Windows 10 , 64 bit Build 17134 (10.0.17134.753)
Time: Tue Mar 10 15:27:11 2020 GMT Standard Time elapsed time: 0 seconds (0d 0h 0m 0s)

---------------  T H R E A D  ---------------

Current thread (0x00000202fd85a800):  JavaThread "Unknown thread" [_thread_in_vm, id=27352, stack(0x0000009c1a600000,0x0000009c1a700000)]

Stack: [0x0000009c1a600000,0x0000009c1a700000]
Native frames: (J=compiled Java code, j=interpreted, Vv=VM code, C=native code)
V  [jvm.dll+0x626eca]
V  [jvm.dll+0x772c6a]
V  [jvm.dll+0x77441f]
V  [jvm.dll+0x774a23]
V  [jvm.dll+0x24da58]
V  [jvm.dll+0x62438a]
V  [jvm.dll+0x618f75]
V  [jvm.dll+0x30c61c]
V  [jvm.dll+0x30c452]
V  [jvm.dll+0x311bc6]
V  [jvm.dll+0x355ce6]
V  [jvm.dll+0x3554c0]
V  [jvm.dll+0x2e729a]
V  [jvm.dll+0x2e8532]
V  [jvm.dll+0x74fcd8]
V  [jvm.dll+0x363739]
V  [jvm.dll+0x732dc5]
V  [jvm.dll+0x3ce2ef]
V  [jvm.dll+0x3d0611]
C  [jli.dll+0x51ff]
C  [ucrtbase.dll+0x1e3fe]
C  [KERNEL32.DLL+0x14034]
C  [ntdll.dll+0x73691]


---------------  P R O C E S S  ---------------

Threads class SMR info:
_java_thread_list=0x00007ffaaad946b8, length=0, elements={
}

Java Threads: ( => current thread )

Other Threads:
  0x00000202fd8c2800 GCTaskThread "GC Thread#0" [stack: 0x0000009c1a700000,0x0000009c1a800000] [id=15652]
  0x00000202fd8e7000 ConcurrentGCThread "G1 Main Marker" [stack: 0x0000009c1a800000,0x0000009c1a900000] [id=18076]
  0x00000202fd8e8800 ConcurrentGCThread "G1 Conc#0" [stack: 0x0000009c1a900000,0x0000009c1aa00000] [id=16192]

[error occurred during error reporting (printing all threads), id 0xc0000005, EXCEPTION_ACCESS_VIOLATION (0xc0000005) at pc=0x00007ffaaa5c6f67]

VM state:not at safepoint (not fully initialized)

VM Mutex/Monitor currently owned by a thread:  ([mutex/lock_event])
[0x00000202fd856660] Heap_lock - owner thread: 0x00000202fd85a800

Heap address: 0x0000000701200000, size: 4078 MB, Compressed Oops mode: Non-zero based: 0x0000000701200000
Narrow klass base: 0x0000000000000000, Narrow klass shift: 0

GC Heap History (0 events):
No events

Deoptimization events (0 events):
No events

Classes unloaded (0 events):
No events

Classes redefined (0 events):
No events

Internal exceptions (0 events):
No events

Events (8 events):
Event: 0.004 Loaded shared library C:\Program Files\Java\jdk-13.0.1\bin\zip.dll
Event: 0.004 Loaded shared library C:\Program Files\Java\jdk-13.0.1\bin\jimage.dll
Event: 0.006 Loading shared library C:\Program Files\Java\jdk-13.0.1\lib\libjava.base-coop.dll failed, error code 126
Event: 0.006 Loading shared library C:\Program Files\Java\jdk-13.0.1\lib\libjava.logging-coop.dll failed, error code 126
Event: 0.006 Loading shared library C:\Program Files\Java\jdk-13.0.1\lib\libjdk.compiler-coop.dll failed, error code 126
Event: 0.006 Loading shared library C:\Program Files\Java\jdk-13.0.1\lib\libjdk.scripting.nashorn-coop.dll failed, error code 126
Event: 0.006 Loading shared library C:\Program Files\Java\jdk-13.0.1\lib\libjdk.internal.vm.ci-coop.dll failed, error code 126
Event: 0.006 Loading shared library C:\Program Files\Java\jdk-13.0.1\lib\libjdk.internal.vm.compiler-coop.dll failed, error code 126


Dynamic libraries:
0x00007ff647630000 - 0x00007ff64763f000 	C:\Program Files\Java\jdk-13.0.1\bin\javaw.exe
0x00007ffaf1c00000 - 0x00007ffaf1de1000 	C:\WINDOWS\SYSTEM32\ntdll.dll
0x00007ffaef2a0000 - 0x00007ffaef351000 	C:\WINDOWS\System32\KERNEL32.DLL
0x00007ffaedfc0000 - 0x00007ffaee233000 	C:\WINDOWS\System32\KERNELBASE.dll
0x00007ffaee2e0000 - 0x00007ffaee3d8000 	C:\WINDOWS\System32\ucrtbase.dll
0x00007ffae3920000 - 0x00007ffae3935000 	C:\Program Files\Java\jdk-13.0.1\bin\VCRUNTIME140.dll
0x00007ffae3940000 - 0x00007ffae3958000 	C:\Program Files\Java\jdk-13.0.1\bin\jli.dll
0x00007ffaef360000 - 0x00007ffaef401000 	C:\WINDOWS\System32\ADVAPI32.dll
0x00007ffaf17f0000 - 0x00007ffaf188e000 	C:\WINDOWS\System32\msvcrt.dll
0x00007ffaefaa0000 - 0x00007ffaefafb000 	C:\WINDOWS\System32\sechost.dll
0x00007ffaf1900000 - 0x00007ffaf1a24000 	C:\WINDOWS\System32\RPCRT4.dll
0x00007ffaef820000 - 0x00007ffaef9b0000 	C:\WINDOWS\System32\USER32.dll
0x00007ffaeecd0000 - 0x00007ffaeecf0000 	C:\WINDOWS\System32\win32u.dll
0x00007ffae48a0000 - 0x00007ffae4b09000 	C:\WINDOWS\WinSxS\amd64_microsoft.windows.common-controls_6595b64144ccf1df_6.0.17134.1246_none_d3ffb9d77c90723d\COMCTL32.dll
0x00007ffaefb00000 - 0x00007ffaefb28000 	C:\WINDOWS\System32\GDI32.dll
0x00007ffaeeee0000 - 0x00007ffaef071000 	C:\WINDOWS\System32\gdi32full.dll
0x00007ffaf0ff0000 - 0x00007ffaf1311000 	C:\WINDOWS\System32\combase.dll
0x00007ffaee240000 - 0x00007ffaee2df000 	C:\WINDOWS\System32\msvcp_win.dll
0x00007ffaeeba0000 - 0x00007ffaeec19000 	C:\WINDOWS\System32\bcryptPrimitives.dll
0x00007ffae9750000 - 0x00007ffae975a000 	C:\WINDOWS\SYSTEM32\VERSION.dll
0x00007ffaef750000 - 0x00007ffaef77d000 	C:\WINDOWS\System32\IMM32.DLL
0x00007ffabb3e0000 - 0x00007ffabb47b000 	C:\Program Files\Java\jdk-13.0.1\bin\msvcp140.dll
0x00007ffaaa2d0000 - 0x00007ffaaae36000 	C:\Program Files\Java\jdk-13.0.1\bin\server\jvm.dll
0x00007ffaf0fe0000 - 0x00007ffaf0fe8000 	C:\WINDOWS\System32\PSAPI.DLL
0x00007ffaea880000 - 0x00007ffaea8a3000 	C:\WINDOWS\SYSTEM32\WINMM.dll
0x00007ffae3080000 - 0x00007ffae3089000 	C:\WINDOWS\SYSTEM32\WSOCK32.dll
0x00007ffaf1890000 - 0x00007ffaf18fc000 	C:\WINDOWS\System32\WS2_32.dll
0x00007ffaea850000 - 0x00007ffaea87a000 	C:\WINDOWS\SYSTEM32\WINMMBASE.dll
0x00007ffaeeaf0000 - 0x00007ffaeeb39000 	C:\WINDOWS\System32\cfgmgr32.dll
0x00007ffaedf60000 - 0x00007ffaedf71000 	C:\WINDOWS\System32\kernel.appcore.dll
0x00007ffae7c50000 - 0x00007ffae7c60000 	C:\Program Files\Java\jdk-13.0.1\bin\verify.dll
0x00007ffad4e80000 - 0x00007ffad5049000 	C:\WINDOWS\SYSTEM32\DBGHELP.DLL
0x00007ffad4cb0000 - 0x00007ffad4cd9000 	C:\WINDOWS\SYSTEM32\dbgcore.DLL
0x00007ffadc720000 - 0x00007ffadc746000 	C:\Program Files\Java\jdk-13.0.1\bin\java.dll
0x00007ffae6db0000 - 0x00007ffae6dc7000 	C:\Program Files\Java\jdk-13.0.1\bin\zip.dll
0x00007ffae7c40000 - 0x00007ffae7c4a000 	C:\Program Files\Java\jdk-13.0.1\bin\jimage.dll

dbghelp: loaded successfully - version: 4.0.5 - missing functions: none
symbol engine: initialized successfully - sym options: 0x614 - pdb path: .;C:\Program Files\Java\jdk-13.0.1\bin;C:\WINDOWS\SYSTEM32;C:\WINDOWS\WinSxS\amd64_microsoft.windows.common-controls_6595b64144ccf1df_6.0.17134.1246_none_d3ffb9d77c90723d;C:\Program Files\Java\jdk-13.0.1\bin\server

VM Arguments:
jvm_args: -Dfile.encoding=Cp1252 
java_command: CardTest
java_class_path (initial): C:\Users\Andrew\Desktop\UNI\Programming cw2\CW2---21-Card-Game\bin
Launcher Type: SUN_STANDARD

[Global flags]
     intx CICompilerCount                          = 4                                         {product} {ergonomic}
     uint ConcGCThreads                            = 2                                         {product} {ergonomic}
     uint G1ConcRefinementThreads                  = 8                                         {product} {ergonomic}
   size_t G1HeapRegionSize                         = 1048576                                   {product} {ergonomic}
    uintx GCDrainStackTargetSize                   = 64                                        {product} {ergonomic}
   size_t InitialHeapSize                          = 268435456                                 {product} {ergonomic}
   size_t MarkStackSize                            = 4194304                                   {product} {ergonomic}
   size_t MaxHeapSize                              = 4276092928                                {product} {ergonomic}
   size_t MinHeapDeltaBytes                        = 1048576                                   {product} {ergonomic}
   size_t MinHeapSize                              = 8388608                                   {product} {ergonomic}
    uintx NonNMethodCodeHeapSize                   = 5836300                                {pd product} {ergonomic}
    uintx NonProfiledCodeHeapSize                  = 122910970                              {pd product} {ergonomic}
    uintx ProfiledCodeHeapSize                     = 122910970                              {pd product} {ergonomic}
    uintx ReservedCodeCacheSize                    = 251658240                              {pd product} {ergonomic}
     bool SegmentedCodeCache                       = true                                      {product} {ergonomic}
   size_t SoftMaxHeapSize                          = 4276092928                             {manageable} {ergonomic}
     bool UseCompressedClassPointers               = true                                 {lp64_product} {ergonomic}
     bool UseCompressedOops                        = true                                 {lp64_product} {ergonomic}
     bool UseG1GC                                  = true                                      {product} {ergonomic}
     bool UseLargePagesIndividualAllocation        = false                                  {pd product} {ergonomic}

Logging:
Log output configuration:
 #0: stdout all=warning uptime,level,tags
 #1: stderr all=off uptime,level,tags

Environment Variables:
PATH=C:/Program Files/Java/jdk-13.0.1/bin/server;C:/Program Files/Java/jdk-13.0.1/bin;C:\Program Files (x86)\Common Files\Oracle\Java\javapath;C:\Program Files\Oculus\Support\oculus-runtime;C:\Program Files (x86)\Intel\Intel(R) Management Engine Components\iCLS\;C:\Program Files\Intel\Intel(R) Management Engine Components\iCLS\;C:\Windows\system32;C:\Windows;C:\Windows\System32\Wbem;C:\Windows\System32\WindowsPowerShell\v1.0\;C:\Program Files (x86)\NVIDIA Corporation\PhysX\Common;C:\Program Files (x86)\Intel\Intel(R) Management Engine Components\DAL;C:\Program Files\Intel\Intel(R) Management Engine Components\DAL;C:\Program Files (x86)\Intel\Intel(R) Management Engine Components\IPT;C:\Program Files\Intel\Intel(R) Management Engine Components\IPT;C:\Program Files (x86)\GtkSharp\2.12\bin;C:\WINDOWS\system32;C:\WINDOWS;C:\WINDOWS\System32\Wbem;C:\WINDOWS\System32\WindowsPowerShell\v1.0\;C:\WINDOWS\System32\OpenSSH\;C:\Program Files\Common Files\Autodesk Shared\;C:\Program Files\Microsoft SQL Server\120\Tools\Binn\;C:\Program Files\Git\cmd;C:\Program Files\dotnet\;C:\Users\Andrew\AppData\Local\Microsoft\WindowsApps;C:\Users\Andrew\AppData\Local\atom\bin;C:\Users\Andrew\.dotnet\tools;C:\Users\Andrew\AppData\Local\GitHubDesktop\bin;C:\Users\Andrew\Desktop;
USERNAME=Andrew
OS=Windows_NT
PROCESSOR_IDENTIFIER=Intel64 Family 6 Model 158 Stepping 9, GenuineIntel



---------------  S Y S T E M  ---------------

OS: Windows 10 , 64 bit Build 17134 (10.0.17134.753)

CPU:total 8 (initial active 8) (4 cores per cpu, 2 threads per core) family 6 model 158 stepping 9, cmov, cx8, fxsr, mmx, sse, sse2, sse3, ssse3, sse4.1, sse4.2, popcnt, avx, avx2, aes, clmul, erms, rtm, 3dnowpref, lzcnt, ht, tsc, tscinvbit, bmi1, bmi2, adx, fma

Memory: 4k page, system-wide physical 16311M (5782M free)
TotalPageFile size 46041M (AvailPageFile size 53M)
current process WorkingSet (physical memory assigned to process): 10M, peak: 10M
current process commit charge ("private bytes"): 61M, peak: 317M

vm_info: Java HotSpot(TM) 64-Bit Server VM (13.0.1+9) for windows-amd64 JRE (13.0.1+9), built on Oct  6 2019 12:37:49 by "mach5one" with unknown MS VC++:1916

END.
